==============================================================
=             Offline phase begins                           =
==============================================================

############################## run =  0  ######################################
truth solve for mu =  (0.5, 1.0)
update basis matrix
build reduced matrices
reduced order solve
build matrices for error estimation (it may take a while)
find next mu
absolute delta max =  [[ 1.73928354]]

############################## run =  1  ######################################
truth solve for mu =  (9.14662644218612, 0.9981830444695381)
update basis matrix
build reduced matrices
reduced order solve
build matrices for error estimation (it may take a while)
find next mu
absolute delta max =  [ 0.01710613]

############################## run =  2  ######################################
truth solve for mu =  (0.10793976683772608, 0.5060450600726236)
update basis matrix
build reduced matrices
reduced order solve
build matrices for error estimation (it may take a while)
find next mu
absolute delta max =  [ 0.00055123]

############################## run =  3  ######################################
truth solve for mu =  (2.4537604521308527, 0.9985842541236967)
update basis matrix
build reduced matrices
reduced order solve
build matrices for error estimation (it may take a while)
absolute delta max =  [  8.94526864e-06]

==============================================================
=             Offline phase ends                             =
==============================================================

*** Warning: Environment variable DOLFIN_NOPLOT set: Plotting disabled.
==============================================================
=             Error analysis begins                          =
==============================================================

############################## run =  0  ######################################
############################## run =  1  ######################################
############################## run =  2  ######################################
############################## run =  3  ######################################
############################## run =  4  ######################################
############################## run =  5  ######################################
############################## run =  6  ######################################
############################## run =  7  ######################################
############################## run =  8  ######################################
############################## run =  9  ######################################
############################## run =  10  ######################################
############################## run =  11  ######################################
############################## run =  12  ######################################
############################## run =  13  ######################################
############################## run =  14  ######################################
############################## run =  15  ######################################
############################## run =  16  ######################################
############################## run =  17  ######################################
############################## run =  18  ######################################
############################## run =  19  ######################################
############################## run =  20  ######################################
############################## run =  21  ######################################
############################## run =  22  ######################################
############################## run =  23  ######################################
############################## run =  24  ######################################
############################## run =  25  ######################################
############################## run =  26  ######################################
############################## run =  27  ######################################
############################## run =  28  ######################################
############################## run =  29  ######################################
############################## run =  30  ######################################
############################## run =  31  ######################################
############################## run =  32  ######################################
############################## run =  33  ######################################
############################## run =  34  ######################################
############################## run =  35  ######################################
############################## run =  36  ######################################
############################## run =  37  ######################################
############################## run =  38  ######################################
############################## run =  39  ######################################
############################## run =  40  ######################################
############################## run =  41  ######################################
############################## run =  42  ######################################
############################## run =  43  ######################################
############################## run =  44  ######################################
############################## run =  45  ######################################
############################## run =  46  ######################################
############################## run =  47  ######################################
############################## run =  48  ######################################
############################## run =  49  ######################################
############################## run =  50  ######################################
############################## run =  51  ######################################
############################## run =  52  ######################################
############################## run =  53  ######################################
############################## run =  54  ######################################
############################## run =  55  ######################################
############################## run =  56  ######################################
############################## run =  57  ######################################
############################## run =  58  ######################################
############################## run =  59  ######################################
############################## run =  60  ######################################
############################## run =  61  ######################################
############################## run =  62  ######################################
############################## run =  63  ######################################
############################## run =  64  ######################################
############################## run =  65  ######################################
############################## run =  66  ######################################
############################## run =  67  ######################################
############################## run =  68  ######################################
############################## run =  69  ######################################
############################## run =  70  ######################################
############################## run =  71  ######################################
############################## run =  72  ######################################
############################## run =  73  ######################################
############################## run =  74  ######################################
############################## run =  75  ######################################
############################## run =  76  ######################################
############################## run =  77  ######################################
############################## run =  78  ######################################
############################## run =  79  ######################################
############################## run =  80  ######################################
############################## run =  81  ######################################
############################## run =  82  ######################################
############################## run =  83  ######################################
############################## run =  84  ######################################
############################## run =  85  ######################################
############################## run =  86  ######################################
############################## run =  87  ######################################
############################## run =  88  ######################################
############################## run =  89  ######################################
############################## run =  90  ######################################
############################## run =  91  ######################################
############################## run =  92  ######################################
############################## run =  93  ######################################
############################## run =  94  ######################################
############################## run =  95  ######################################
############################## run =  96  ######################################
############################## run =  97  ######################################
############################## run =  98  ######################################
############################## run =  99  ######################################
############################## run =  100  ######################################
############################## run =  101  ######################################
############################## run =  102  ######################################
############################## run =  103  ######################################
############################## run =  104  ######################################
############################## run =  105  ######################################
############################## run =  106  ######################################
############################## run =  107  ######################################
############################## run =  108  ######################################
############################## run =  109  ######################################
############################## run =  110  ######################################
############################## run =  111  ######################################
############################## run =  112  ######################################
############################## run =  113  ######################################
############################## run =  114  ######################################
############################## run =  115  ######################################
############################## run =  116  ######################################
############################## run =  117  ######################################
############################## run =  118  ######################################
############################## run =  119  ######################################
############################## run =  120  ######################################
############################## run =  121  ######################################
############################## run =  122  ######################################
############################## run =  123  ######################################
############################## run =  124  ######################################
############################## run =  125  ######################################
############################## run =  126  ######################################
############################## run =  127  ######################################
############################## run =  128  ######################################
############################## run =  129  ######################################
############################## run =  130  ######################################
############################## run =  131  ######################################
############################## run =  132  ######################################
############################## run =  133  ######################################
############################## run =  134  ######################################
############################## run =  135  ######################################
############################## run =  136  ######################################
############################## run =  137  ######################################
############################## run =  138  ######################################
############################## run =  139  ######################################
############################## run =  140  ######################################
############################## run =  141  ######################################
############################## run =  142  ######################################
############################## run =  143  ######################################
############################## run =  144  ######################################
############################## run =  145  ######################################
############################## run =  146  ######################################
############################## run =  147  ######################################
############################## run =  148  ######################################
############################## run =  149  ######################################
############################## run =  150  ######################################
############################## run =  151  ######################################
############################## run =  152  ######################################
############################## run =  153  ######################################
############################## run =  154  ######################################
############################## run =  155  ######################################
############################## run =  156  ######################################
############################## run =  157  ######################################
############################## run =  158  ######################################
############################## run =  159  ######################################
############################## run =  160  ######################################
############################## run =  161  ######################################
############################## run =  162  ######################################
############################## run =  163  ######################################
############################## run =  164  ######################################
############################## run =  165  ######################################
############################## run =  166  ######################################
############################## run =  167  ######################################
############################## run =  168  ######################################
############################## run =  169  ######################################
############################## run =  170  ######################################
############################## run =  171  ######################################
############################## run =  172  ######################################
############################## run =  173  ######################################
############################## run =  174  ######################################
############################## run =  175  ######################################
############################## run =  176  ######################################
############################## run =  177  ######################################
############################## run =  178  ######################################
############################## run =  179  ######################################
############################## run =  180  ######################################
############################## run =  181  ######################################
############################## run =  182  ######################################
############################## run =  183  ######################################
############################## run =  184  ######################################
############################## run =  185  ######################################
############################## run =  186  ######################################
############################## run =  187  ######################################
############################## run =  188  ######################################
############################## run =  189  ######################################
############################## run =  190  ######################################
############################## run =  191  ######################################
############################## run =  192  ######################################
############################## run =  193  ######################################
############################## run =  194  ######################################
############################## run =  195  ######################################
############################## run =  196  ######################################
############################## run =  197  ######################################
############################## run =  198  ######################################
############################## run =  199  ######################################
############################## run =  200  ######################################
############################## run =  201  ######################################
############################## run =  202  ######################################
############################## run =  203  ######################################
############################## run =  204  ######################################
############################## run =  205  ######################################
############################## run =  206  ######################################
############################## run =  207  ######################################
############################## run =  208  ######################################
############################## run =  209  ######################################
############################## run =  210  ######################################
############################## run =  211  ######################################
############################## run =  212  ######################################
############################## run =  213  ######################################
############################## run =  214  ######################################
############################## run =  215  ######################################
############################## run =  216  ######################################
############################## run =  217  ######################################
############################## run =  218  ######################################
############################## run =  219  ######################################
############################## run =  220  ######################################
############################## run =  221  ######################################
############################## run =  222  ######################################
############################## run =  223  ######################################
############################## run =  224  ######################################
############################## run =  225  ######################################
############################## run =  226  ######################################
############################## run =  227  ######################################
############################## run =  228  ######################################
############################## run =  229  ######################################
############################## run =  230  ######################################
############################## run =  231  ######################################
############################## run =  232  ######################################
############################## run =  233  ######################################
############################## run =  234  ######################################
############################## run =  235  ######################################
############################## run =  236  ######################################
############################## run =  237  ######################################
############################## run =  238  ######################################
############################## run =  239  ######################################
############################## run =  240  ######################################
############################## run =  241  ######################################
############################## run =  242  ######################################
############################## run =  243  ######################################
############################## run =  244  ######################################
############################## run =  245  ######################################
############################## run =  246  ######################################
############################## run =  247  ######################################
############################## run =  248  ######################################
############################## run =  249  ######################################
############################## run =  250  ######################################
############################## run =  251  ######################################
############################## run =  252  ######################################
############################## run =  253  ######################################
############################## run =  254  ######################################
############################## run =  255  ######################################
############################## run =  256  ######################################
############################## run =  257  ######################################
############################## run =  258  ######################################
############################## run =  259  ######################################
############################## run =  260  ######################################
############################## run =  261  ######################################
############################## run =  262  ######################################
############################## run =  263  ######################################
############################## run =  264  ######################################
############################## run =  265  ######################################
############################## run =  266  ######################################
############################## run =  267  ######################################
############################## run =  268  ######################################
############################## run =  269  ######################################
############################## run =  270  ######################################
############################## run =  271  ######################################
############################## run =  272  ######################################
############################## run =  273  ######################################
############################## run =  274  ######################################
############################## run =  275  ######################################
############################## run =  276  ######################################
############################## run =  277  ######################################
############################## run =  278  ######################################
############################## run =  279  ######################################
############################## run =  280  ######################################
############################## run =  281  ######################################
############################## run =  282  ######################################
############################## run =  283  ######################################
############################## run =  284  ######################################
############################## run =  285  ######################################
############################## run =  286  ######################################
############################## run =  287  ######################################
############################## run =  288  ######################################
############################## run =  289  ######################################
############################## run =  290  ######################################
############################## run =  291  ######################################
############################## run =  292  ######################################
############################## run =  293  ######################################
############################## run =  294  ######################################
############################## run =  295  ######################################
############################## run =  296  ######################################
############################## run =  297  ######################################
############################## run =  298  ######################################
############################## run =  299  ######################################
############################## run =  300  ######################################
############################## run =  301  ######################################
############################## run =  302  ######################################
############################## run =  303  ######################################
############################## run =  304  ######################################
############################## run =  305  ######################################
############################## run =  306  ######################################
############################## run =  307  ######################################
############################## run =  308  ######################################
############################## run =  309  ######################################
############################## run =  310  ######################################
############################## run =  311  ######################################
############################## run =  312  ######################################
############################## run =  313  ######################################
############################## run =  314  ######################################
############################## run =  315  ######################################
############################## run =  316  ######################################
############################## run =  317  ######################################
############################## run =  318  ######################################
############################## run =  319  ######################################
############################## run =  320  ######################################
############################## run =  321  ######################################
############################## run =  322  ######################################
############################## run =  323  ######################################
############################## run =  324  ######################################
############################## run =  325  ######################################
############################## run =  326  ######################################
############################## run =  327  ######################################
############################## run =  328  ######################################
############################## run =  329  ######################################
############################## run =  330  ######################################
############################## run =  331  ######################################
############################## run =  332  ######################################
############################## run =  333  ######################################
############################## run =  334  ######################################
############################## run =  335  ######################################
############################## run =  336  ######################################
############################## run =  337  ######################################
############################## run =  338  ######################################
############################## run =  339  ######################################
############################## run =  340  ######################################
############################## run =  341  ######################################
############################## run =  342  ######################################
############################## run =  343  ######################################
############################## run =  344  ######################################
############################## run =  345  ######################################
############################## run =  346  ######################################
############################## run =  347  ######################################
############################## run =  348  ######################################
############################## run =  349  ######################################
############################## run =  350  ######################################
############################## run =  351  ######################################
############################## run =  352  ######################################
############################## run =  353  ######################################
############################## run =  354  ######################################
############################## run =  355  ######################################
############################## run =  356  ######################################
############################## run =  357  ######################################
############################## run =  358  ######################################
############################## run =  359  ######################################
############################## run =  360  ######################################
############################## run =  361  ######################################
############################## run =  362  ######################################
############################## run =  363  ######################################
############################## run =  364  ######################################
############################## run =  365  ######################################
############################## run =  366  ######################################
############################## run =  367  ######################################
############################## run =  368  ######################################
############################## run =  369  ######################################
############################## run =  370  ######################################
############################## run =  371  ######################################
############################## run =  372  ######################################
############################## run =  373  ######################################
############################## run =  374  ######################################
############################## run =  375  ######################################
############################## run =  376  ######################################
############################## run =  377  ######################################
############################## run =  378  ######################################
############################## run =  379  ######################################
############################## run =  380  ######################################
############################## run =  381  ######################################
############################## run =  382  ######################################
############################## run =  383  ######################################
############################## run =  384  ######################################
############################## run =  385  ######################################
############################## run =  386  ######################################
############################## run =  387  ######################################
############################## run =  388  ######################################
############################## run =  389  ######################################
############################## run =  390  ######################################
############################## run =  391  ######################################
############################## run =  392  ######################################
############################## run =  393  ######################################
############################## run =  394  ######################################
############################## run =  395  ######################################
############################## run =  396  ######################################
############################## run =  397  ######################################
############################## run =  398  ######################################
############################## run =  399  ######################################
############################## run =  400  ######################################
############################## run =  401  ######################################
############################## run =  402  ######################################
############################## run =  403  ######################################
############################## run =  404  ######################################
############################## run =  405  ######################################
############################## run =  406  ######################################
############################## run =  407  ######################################
############################## run =  408  ######################################
############################## run =  409  ######################################
############################## run =  410  ######################################
############################## run =  411  ######################################
############################## run =  412  ######################################
############################## run =  413  ######################################
############################## run =  414  ######################################
############################## run =  415  ######################################
############################## run =  416  ######################################
############################## run =  417  ######################################
############################## run =  418  ######################################
############################## run =  419  ######################################
############################## run =  420  ######################################
############################## run =  421  ######################################
############################## run =  422  ######################################
############################## run =  423  ######################################
############################## run =  424  ######################################
############################## run =  425  ######################################
############################## run =  426  ######################################
############################## run =  427  ######################################
############################## run =  428  ######################################
############################## run =  429  ######################################
############################## run =  430  ######################################
############################## run =  431  ######################################
############################## run =  432  ######################################
############################## run =  433  ######################################
############################## run =  434  ######################################
############################## run =  435  ######################################
############################## run =  436  ######################################
############################## run =  437  ######################################
############################## run =  438  ######################################
############################## run =  439  ######################################
############################## run =  440  ######################################
############################## run =  441  ######################################
############################## run =  442  ######################################
############################## run =  443  ######################################
############################## run =  444  ######################################
############################## run =  445  ######################################
############################## run =  446  ######################################
############################## run =  447  ######################################
############################## run =  448  ######################################
############################## run =  449  ######################################
############################## run =  450  ######################################
############################## run =  451  ######################################
############################## run =  452  ######################################
############################## run =  453  ######################################
############################## run =  454  ######################################
############################## run =  455  ######################################
############################## run =  456  ######################################
############################## run =  457  ######################################
############################## run =  458  ######################################
############################## run =  459  ######################################
############################## run =  460  ######################################
############################## run =  461  ######################################
############################## run =  462  ######################################
############################## run =  463  ######################################
############################## run =  464  ######################################
############################## run =  465  ######################################
############################## run =  466  ######################################
############################## run =  467  ######################################
############################## run =  468  ######################################
############################## run =  469  ######################################
############################## run =  470  ######################################
############################## run =  471  ######################################
############################## run =  472  ######################################
############################## run =  473  ######################################
############################## run =  474  ######################################
############################## run =  475  ######################################
############################## run =  476  ######################################
############################## run =  477  ######################################
############################## run =  478  ######################################
############################## run =  479  ######################################
############################## run =  480  ######################################
############################## run =  481  ######################################
############################## run =  482  ######################################
############################## run =  483  ######################################
############################## run =  484  ######################################
############################## run =  485  ######################################
############################## run =  486  ######################################
############################## run =  487  ######################################
############################## run =  488  ######################################
############################## run =  489  ######################################
############################## run =  490  ######################################
############################## run =  491  ######################################
############################## run =  492  ######################################
############################## run =  493  ######################################
############################## run =  494  ######################################
############################## run =  495  ######################################
############################## run =  496  ######################################
############################## run =  497  ######################################
############################## run =  498  ######################################
############################## run =  499  ######################################

N 	 gmean(err_u) 		 gmean(delta_u) 	 min(eff_u) 	 gmean(eff_u) 	 max(eff_u)
1 	 0.314721867989 	 0.390395078836 	 1.0017626042 	 1.24044471816 	 2.28550420169
2 	 0.000900132686271 	 0.00149006097671 	 1.00136173674 	 1.65537925623 	 2.25615984641
3 	 5.01622168534e-05 	 8.1855311146e-05 	 1.0014264184 	 1.63181207452 	 5.02982476778
4 	 8.28876238151e-07 	 1.39654581474e-06 	 1.00152442108 	 1.68486651017 	 199.629846962

N 	 gmean(err_s) 		 gmean(delta_s) 	 min(eff_s) 	 gmean(eff_s) 	 max(eff_s)
1 	 0.0990498541905 	 0.152408317579 	 1.00352831517 	 1.5387030988 	 5.22352945592
2 	 8.10174019061e-07 	 2.22028171432e-06 	 1.00272532761 	 2.74049977175 	 5.090257442
3 	 2.52603877983e-09 	 6.70029196281e-09 	 1.0028547046 	 2.65248974652 	 4.97371461867
4 	 7.08297487428e-13 	 1.95034021266e-12 	 0.245668422091 	 2.75356082336 	 171.195953618

==============================================================
=             Error analysis ends                            =
==============================================================

