==============================================================
=             EIM preprocessing phase begins                 =
==============================================================

:::::::::::::::::::::::::::::: EIM run =  0  ::::::::::::::::::::::::::::::
evaluate parametrized function
update snapshot matrix

:::::::::::::::::::::::::::::: EIM run =  1  ::::::::::::::::::::::::::::::
evaluate parametrized function
update snapshot matrix

:::::::::::::::::::::::::::::: EIM run =  2  ::::::::::::::::::::::::::::::
evaluate parametrized function
update snapshot matrix

:::::::::::::::::::::::::::::: EIM run =  3  ::::::::::::::::::::::::::::::
evaluate parametrized function
update snapshot matrix

:::::::::::::::::::::::::::::: EIM run =  4  ::::::::::::::::::::::::::::::
evaluate parametrized function
update snapshot matrix

:::::::::::::::::::::::::::::: EIM run =  5  ::::::::::::::::::::::::::::::
evaluate parametrized function
update snapshot matrix

:::::::::::::::::::::::::::::: EIM run =  6  ::::::::::::::::::::::::::::::
evaluate parametrized function
update snapshot matrix

:::::::::::::::::::::::::::::: EIM run =  7  ::::::::::::::::::::::::::::::
evaluate parametrized function
update snapshot matrix

:::::::::::::::::::::::::::::: EIM run =  8  ::::::::::::::::::::::::::::::
evaluate parametrized function
update snapshot matrix

:::::::::::::::::::::::::::::: EIM run =  9  ::::::::::::::::::::::::::::::
evaluate parametrized function
update snapshot matrix

:::::::::::::::::::::::::::::: EIM run =  10  ::::::::::::::::::::::::::::::
evaluate parametrized function
update snapshot matrix

:::::::::::::::::::::::::::::: EIM run =  11  ::::::::::::::::::::::::::::::
evaluate parametrized function
update snapshot matrix

:::::::::::::::::::::::::::::: EIM run =  12  ::::::::::::::::::::::::::::::
evaluate parametrized function
update snapshot matrix

:::::::::::::::::::::::::::::: EIM run =  13  ::::::::::::::::::::::::::::::
evaluate parametrized function
update snapshot matrix

:::::::::::::::::::::::::::::: EIM run =  14  ::::::::::::::::::::::::::::::
evaluate parametrized function
update snapshot matrix

:::::::::::::::::::::::::::::: EIM run =  15  ::::::::::::::::::::::::::::::
evaluate parametrized function
update snapshot matrix

:::::::::::::::::::::::::::::: EIM run =  16  ::::::::::::::::::::::::::::::
evaluate parametrized function
update snapshot matrix

:::::::::::::::::::::::::::::: EIM run =  17  ::::::::::::::::::::::::::::::
evaluate parametrized function
update snapshot matrix

:::::::::::::::::::::::::::::: EIM run =  18  ::::::::::::::::::::::::::::::
evaluate parametrized function
update snapshot matrix

:::::::::::::::::::::::::::::: EIM run =  19  ::::::::::::::::::::::::::::::
evaluate parametrized function
update snapshot matrix

:::::::::::::::::::::::::::::: EIM run =  20  ::::::::::::::::::::::::::::::
evaluate parametrized function
update snapshot matrix

:::::::::::::::::::::::::::::: EIM run =  21  ::::::::::::::::::::::::::::::
evaluate parametrized function
update snapshot matrix

:::::::::::::::::::::::::::::: EIM run =  22  ::::::::::::::::::::::::::::::
evaluate parametrized function
update snapshot matrix

:::::::::::::::::::::::::::::: EIM run =  23  ::::::::::::::::::::::::::::::
evaluate parametrized function
update snapshot matrix

:::::::::::::::::::::::::::::: EIM run =  24  ::::::::::::::::::::::::::::::
evaluate parametrized function
update snapshot matrix

:::::::::::::::::::::::::::::: EIM run =  25  ::::::::::::::::::::::::::::::
evaluate parametrized function
update snapshot matrix

:::::::::::::::::::::::::::::: EIM run =  26  ::::::::::::::::::::::::::::::
evaluate parametrized function
update snapshot matrix

:::::::::::::::::::::::::::::: EIM run =  27  ::::::::::::::::::::::::::::::
evaluate parametrized function
update snapshot matrix

:::::::::::::::::::::::::::::: EIM run =  28  ::::::::::::::::::::::::::::::
evaluate parametrized function
update snapshot matrix

:::::::::::::::::::::::::::::: EIM run =  29  ::::::::::::::::::::::::::::::
evaluate parametrized function
update snapshot matrix

:::::::::::::::::::::::::::::: EIM run =  30  ::::::::::::::::::::::::::::::
evaluate parametrized function
update snapshot matrix

:::::::::::::::::::::::::::::: EIM run =  31  ::::::::::::::::::::::::::::::
evaluate parametrized function
update snapshot matrix

:::::::::::::::::::::::::::::: EIM run =  32  ::::::::::::::::::::::::::::::
evaluate parametrized function
update snapshot matrix

:::::::::::::::::::::::::::::: EIM run =  33  ::::::::::::::::::::::::::::::
evaluate parametrized function
update snapshot matrix

:::::::::::::::::::::::::::::: EIM run =  34  ::::::::::::::::::::::::::::::
evaluate parametrized function
update snapshot matrix

:::::::::::::::::::::::::::::: EIM run =  35  ::::::::::::::::::::::::::::::
evaluate parametrized function
update snapshot matrix

:::::::::::::::::::::::::::::: EIM run =  36  ::::::::::::::::::::::::::::::
evaluate parametrized function
update snapshot matrix

:::::::::::::::::::::::::::::: EIM run =  37  ::::::::::::::::::::::::::::::
evaluate parametrized function
update snapshot matrix

:::::::::::::::::::::::::::::: EIM run =  38  ::::::::::::::::::::::::::::::
evaluate parametrized function
update snapshot matrix

:::::::::::::::::::::::::::::: EIM run =  39  ::::::::::::::::::::::::::::::
evaluate parametrized function
update snapshot matrix

:::::::::::::::::::::::::::::: EIM run =  40  ::::::::::::::::::::::::::::::
evaluate parametrized function
update snapshot matrix

:::::::::::::::::::::::::::::: EIM run =  41  ::::::::::::::::::::::::::::::
evaluate parametrized function
update snapshot matrix

:::::::::::::::::::::::::::::: EIM run =  42  ::::::::::::::::::::::::::::::
evaluate parametrized function
update snapshot matrix

:::::::::::::::::::::::::::::: EIM run =  43  ::::::::::::::::::::::::::::::
evaluate parametrized function
update snapshot matrix

:::::::::::::::::::::::::::::: EIM run =  44  ::::::::::::::::::::::::::::::
evaluate parametrized function
update snapshot matrix

:::::::::::::::::::::::::::::: EIM run =  45  ::::::::::::::::::::::::::::::
evaluate parametrized function
update snapshot matrix

:::::::::::::::::::::::::::::: EIM run =  46  ::::::::::::::::::::::::::::::
evaluate parametrized function
update snapshot matrix

:::::::::::::::::::::::::::::: EIM run =  47  ::::::::::::::::::::::::::::::
evaluate parametrized function
update snapshot matrix

:::::::::::::::::::::::::::::: EIM run =  48  ::::::::::::::::::::::::::::::
evaluate parametrized function
update snapshot matrix

:::::::::::::::::::::::::::::: EIM run =  49  ::::::::::::::::::::::::::::::
evaluate parametrized function
update snapshot matrix

==============================================================
=             EIM preprocessing phase ends                   =
==============================================================

==============================================================
=             EIM offline phase begins                       =
==============================================================

:::::::::::::::::::::::::::::: EIM run =  0  ::::::::::::::::::::::::::::::
load parametrized function for mu =  (0.07786675138825383, -0.9036793011057256)
solve eim
compute maximum interpolation error
update basis matrix
update interpolation matrix
find next mu
absolute err max =  0.999651873187

:::::::::::::::::::::::::::::: EIM run =  1  ::::::::::::::::::::::::::::::
load parametrized function for mu =  (0.926128174050757, 0.8567181363074126)
solve eim
compute maximum interpolation error
update basis matrix
update interpolation matrix
find next mu
absolute err max =  0.998861221337

:::::::::::::::::::::::::::::: EIM run =  2  ::::::::::::::::::::::::::::::
load parametrized function for mu =  (-0.6605193990620644, 0.8836872735928232)
solve eim
compute maximum interpolation error
update basis matrix
update interpolation matrix
find next mu
absolute err max =  0.986021055799

:::::::::::::::::::::::::::::: EIM run =  3  ::::::::::::::::::::::::::::::
load parametrized function for mu =  (-0.8314896478166014, -0.3062083369051265)
solve eim
compute maximum interpolation error
update basis matrix
update interpolation matrix
find next mu
absolute err max =  0.981302581918

:::::::::::::::::::::::::::::: EIM run =  4  ::::::::::::::::::::::::::::::
load parametrized function for mu =  (0.9579449409109129, -0.3402015950396786)
solve eim
compute maximum interpolation error
update basis matrix
update interpolation matrix
find next mu
absolute err max =  0.927045193122

:::::::::::::::::::::::::::::: EIM run =  5  ::::::::::::::::::::::::::::::
load parametrized function for mu =  (-0.008803695007899348, 0.26464518071777565)
solve eim
compute maximum interpolation error
update basis matrix
update interpolation matrix
find next mu
absolute err max =  0.773706891597

:::::::::::::::::::::::::::::: EIM run =  6  ::::::::::::::::::::::::::::::
load parametrized function for mu =  (-0.7167170430004779, -0.9391583020995908)
solve eim
compute maximum interpolation error
update basis matrix
update interpolation matrix
find next mu
absolute err max =  0.702082430089

:::::::::::::::::::::::::::::: EIM run =  7  ::::::::::::::::::::::::::::::
load parametrized function for mu =  (0.010225867044577619, 0.8940246601533877)
solve eim
compute maximum interpolation error
update basis matrix
update interpolation matrix
find next mu
absolute err max =  0.638691944107

:::::::::::::::::::::::::::::: EIM run =  8  ::::::::::::::::::::::::::::::
load parametrized function for mu =  (0.6352502184873183, -0.9717712778746066)
solve eim
compute maximum interpolation error
update basis matrix
update interpolation matrix
find next mu
absolute err max =  0.537673237336

:::::::::::::::::::::::::::::: EIM run =  9  ::::::::::::::::::::::::::::::
load parametrized function for mu =  (0.6997630993604849, 0.2794824283603339)
solve eim
compute maximum interpolation error
update basis matrix
update interpolation matrix
find next mu
absolute err max =  0.461628426388

:::::::::::::::::::::::::::::: EIM run =  10  ::::::::::::::::::::::::::::::
load parametrized function for mu =  (-0.7527537354062441, 0.3138397105358153)
solve eim
compute maximum interpolation error
update basis matrix
update interpolation matrix
find next mu
absolute err max =  0.446382725488

:::::::::::::::::::::::::::::: EIM run =  11  ::::::::::::::::::::::::::::::
load parametrized function for mu =  (0.004601320187602509, -0.2810872676974592)
solve eim
compute maximum interpolation error
update basis matrix
update interpolation matrix
find next mu
absolute err max =  0.347797132847

:::::::::::::::::::::::::::::: EIM run =  12  ::::::::::::::::::::::::::::::
load parametrized function for mu =  (-0.9996683671046536, 0.9294488060772117)
solve eim
compute maximum interpolation error
update basis matrix
update interpolation matrix
find next mu
absolute err max =  0.242550648949

:::::::::::::::::::::::::::::: EIM run =  13  ::::::::::::::::::::::::::::::
load parametrized function for mu =  (0.5478044164154214, -0.4636026783088034)
solve eim
compute maximum interpolation error
update basis matrix
update interpolation matrix
find next mu
absolute err max =  0.181015088594

:::::::::::::::::::::::::::::: EIM run =  14  ::::::::::::::::::::::::::::::
load parametrized function for mu =  (-0.4466788200106673, -0.719655230519892)
solve eim
compute maximum interpolation error
update basis matrix
update interpolation matrix
find next mu
absolute err max =  0.156318232727

:::::::::::::::::::::::::::::: EIM run =  15  ::::::::::::::::::::::::::::::
load parametrized function for mu =  (-0.41873620086142394, 0.0022956367124569166)
solve eim
compute maximum interpolation error
update basis matrix
update interpolation matrix
find next mu
absolute err max =  0.135773802085

:::::::::::::::::::::::::::::: EIM run =  16  ::::::::::::::::::::::::::::::
load parametrized function for mu =  (0.9399496662330802, -0.0031865285567975743)
solve eim
compute maximum interpolation error
update basis matrix
update interpolation matrix
find next mu
absolute err max =  0.108365447349

:::::::::::::::::::::::::::::: EIM run =  17  ::::::::::::::::::::::::::::::
load parametrized function for mu =  (0.23385032498492841, 0.7018943755392626)
solve eim
compute maximum interpolation error
update basis matrix
update interpolation matrix
find next mu
absolute err max =  0.0853580957298

:::::::::::::::::::::::::::::: EIM run =  18  ::::::::::::::::::::::::::::::
load parametrized function for mu =  (0.9867526436381024, 0.6652962129133801)
solve eim
compute maximum interpolation error
update basis matrix
update interpolation matrix
find next mu
absolute err max =  0.0783277174221

:::::::::::::::::::::::::::::: EIM run =  19  ::::::::::::::::::::::::::::::
load parametrized function for mu =  (-0.836713131493459, -0.5552506236326828)
solve eim
compute maximum interpolation error
update basis matrix
update interpolation matrix
find next mu
absolute err max =  0.0707774319881

:::::::::::::::::::::::::::::: EIM run =  20  ::::::::::::::::::::::::::::::
load parametrized function for mu =  (-0.28627237558934415, 0.42296317963656915)
solve eim
compute maximum interpolation error
update basis matrix
update interpolation matrix
find next mu
absolute err max =  0.0517038833344

:::::::::::::::::::::::::::::: EIM run =  21  ::::::::::::::::::::::::::::::
load parametrized function for mu =  (0.3822695918111414, -0.007242732915960559)
solve eim
compute maximum interpolation error
update basis matrix
update interpolation matrix
find next mu
absolute err max =  0.0342468551127

:::::::::::::::::::::::::::::: EIM run =  22  ::::::::::::::::::::::::::::::
load parametrized function for mu =  (-0.3668709691683132, 0.9120020217742484)
solve eim
compute maximum interpolation error
update basis matrix
update interpolation matrix
find next mu
absolute err max =  0.0273608328164

:::::::::::::::::::::::::::::: EIM run =  23  ::::::::::::::::::::::::::::::
load parametrized function for mu =  (0.37917468589200465, -0.8713868902111381)
solve eim
compute maximum interpolation error
update basis matrix
update interpolation matrix
find next mu
absolute err max =  0.0193523445812

:::::::::::::::::::::::::::::: EIM run =  24  ::::::::::::::::::::::::::::::
load parametrized function for mu =  (-0.5843068313257542, 0.6476062899508392)
solve eim
compute maximum interpolation error
update basis matrix
update interpolation matrix
find next mu
absolute err max =  0.0185583634359

:::::::::::::::::::::::::::::: EIM run =  25  ::::::::::::::::::::::::::::::
load parametrized function for mu =  (0.8384951022063465, 0.7517614754253652)
solve eim
compute maximum interpolation error
update basis matrix
update interpolation matrix
find next mu
absolute err max =  0.0144764529319

:::::::::::::::::::::::::::::: EIM run =  26  ::::::::::::::::::::::::::::::
load parametrized function for mu =  (-0.055933362875625336, -0.9172060477082022)
solve eim
compute maximum interpolation error
update basis matrix
update interpolation matrix
find next mu
absolute err max =  0.0130047607473

:::::::::::::::::::::::::::::: EIM run =  27  ::::::::::::::::::::::::::::::
load parametrized function for mu =  (0.883199688818296, -0.25366082093464715)
solve eim
compute maximum interpolation error
update basis matrix
update interpolation matrix
find next mu
absolute err max =  0.0107289813181

:::::::::::::::::::::::::::::: EIM run =  28  ::::::::::::::::::::::::::::::
load parametrized function for mu =  (-0.5930620089078102, -0.2811037872538824)
solve eim
compute maximum interpolation error
update basis matrix
update interpolation matrix
find next mu
absolute err max =  0.00893457773842

:::::::::::::::::::::::::::::: EIM run =  29  ::::::::::::::::::::::::::::::
load parametrized function for mu =  (-0.3589057652708658, -0.369193192386164)
solve eim
compute maximum interpolation error
update basis matrix
update interpolation matrix
find next mu
absolute err max =  0.00736608397661

:::::::::::::::::::::::::::::: EIM run =  30  ::::::::::::::::::::::::::::::
load parametrized function for mu =  (-0.5491422931621144, 0.415930681159679)
solve eim
compute maximum interpolation error
update basis matrix
update interpolation matrix
find next mu
absolute err max =  0.00607339481673

:::::::::::::::::::::::::::::: EIM run =  31  ::::::::::::::::::::::::::::::
load parametrized function for mu =  (0.02258234399454051, 0.7466297142310383)
solve eim
compute maximum interpolation error
update basis matrix
update interpolation matrix
find next mu
absolute err max =  0.00555259556121

:::::::::::::::::::::::::::::: EIM run =  32  ::::::::::::::::::::::::::::::
load parametrized function for mu =  (0.39058397273626677, 0.26118104428430744)
solve eim
compute maximum interpolation error
update basis matrix
update interpolation matrix
find next mu
absolute err max =  0.00534194084346

:::::::::::::::::::::::::::::: EIM run =  33  ::::::::::::::::::::::::::::::
load parametrized function for mu =  (-0.6596163344232384, -0.9483798007497863)
solve eim
compute maximum interpolation error
update basis matrix
update interpolation matrix
find next mu
absolute err max =  0.00492626004447

:::::::::::::::::::::::::::::: EIM run =  34  ::::::::::::::::::::::::::::::
load parametrized function for mu =  (0.554860825894635, -0.6582676277998383)
solve eim
compute maximum interpolation error
update basis matrix
update interpolation matrix
find next mu
absolute err max =  0.00251095333797

:::::::::::::::::::::::::::::: EIM run =  35  ::::::::::::::::::::::::::::::
load parametrized function for mu =  (0.7931133628989289, 0.3976808250231554)
solve eim
compute maximum interpolation error
update basis matrix
update interpolation matrix
find next mu
absolute err max =  0.00219927258072

:::::::::::::::::::::::::::::: EIM run =  36  ::::::::::::::::::::::::::::::
load parametrized function for mu =  (0.9746790788557713, 0.8855610985545814)
solve eim
compute maximum interpolation error
update basis matrix
update interpolation matrix
find next mu
absolute err max =  0.00172056286721

:::::::::::::::::::::::::::::: EIM run =  37  ::::::::::::::::::::::::::::::
load parametrized function for mu =  (-0.2370192339787196, -0.010038156502658158)
solve eim
compute maximum interpolation error
update basis matrix
update interpolation matrix
find next mu
absolute err max =  0.00108194374776

:::::::::::::::::::::::::::::: EIM run =  38  ::::::::::::::::::::::::::::::
load parametrized function for mu =  (-0.761735866065596, -0.7200482478102814)
solve eim
compute maximum interpolation error
update basis matrix
update interpolation matrix
find next mu
absolute err max =  0.000786646566631

:::::::::::::::::::::::::::::: EIM run =  39  ::::::::::::::::::::::::::::::
load parametrized function for mu =  (0.5646305369962559, -0.24205917927087262)
solve eim
compute maximum interpolation error
update basis matrix
update interpolation matrix
absolute err max =  0.000585109749832

==============================================================
=             EIM offline phase ends                         =
==============================================================

==============================================================
=             Offline phase begins                           =
==============================================================

############################## run =  0  ######################################
truth solve for mu =  (0.5, 1.0)
update basis matrix
build reduced matrices
reduced order solve
build matrices for error estimation (it may take a while)
find next mu
absolute delta max =  [[ 0.30047692]]

############################## run =  1  ######################################
truth solve for mu =  (-0.22488938456626983, -0.0005955472176024657)
update basis matrix
build reduced matrices
reduced order solve
build matrices for error estimation (it may take a while)
find next mu
absolute delta max =  [ 0.18260227]

############################## run =  2  ######################################
truth solve for mu =  (0.44603987568880954, -0.3314630848477398)
update basis matrix
build reduced matrices
reduced order solve
build matrices for error estimation (it may take a while)
find next mu
absolute delta max =  [ 0.11550581]

############################## run =  3  ######################################
truth solve for mu =  (-0.45661934277514615, -0.5567636775149687)
update basis matrix
build reduced matrices
reduced order solve
build matrices for error estimation (it may take a while)
find next mu
absolute delta max =  [ 0.08879419]

############################## run =  4  ######################################
truth solve for mu =  (-0.7330752655959574, 0.46007059670850503)
update basis matrix
build reduced matrices
reduced order solve
build matrices for error estimation (it may take a while)
find next mu
absolute delta max =  [ 0.05779578]

############################## run =  5  ######################################
truth solve for mu =  (0.9723049288351351, 0.11360214082333431)
update basis matrix
build reduced matrices
reduced order solve
build matrices for error estimation (it may take a while)
find next mu
absolute delta max =  [ 0.04608968]

############################## run =  6  ######################################
truth solve for mu =  (-0.16772575960067226, 0.9069803656545303)
update basis matrix
build reduced matrices
reduced order solve
build matrices for error estimation (it may take a while)
find next mu
absolute delta max =  [ 0.03937685]

############################## run =  7  ######################################
truth solve for mu =  (0.8596296825582737, -0.9655724301152862)
update basis matrix
build reduced matrices
reduced order solve
build matrices for error estimation (it may take a while)
find next mu
absolute delta max =  [ 0.03497731]

############################## run =  8  ######################################
truth solve for mu =  (0.0431836262017522, -0.8774694511009469)
update basis matrix
build reduced matrices
reduced order solve
build matrices for error estimation (it may take a while)
find next mu
absolute delta max =  [ 0.02436015]

############################## run =  9  ######################################
truth solve for mu =  (0.11696992461417088, 0.2998819187856143)
update basis matrix
build reduced matrices
reduced order solve
build matrices for error estimation (it may take a while)
find next mu
absolute delta max =  [ 0.02331895]

############################## run =  10  ######################################
truth solve for mu =  (-0.929388182577032, -0.022066449681588995)
update basis matrix
build reduced matrices
reduced order solve
build matrices for error estimation (it may take a while)
find next mu
absolute delta max =  [ 0.01524519]

############################## run =  11  ######################################
truth solve for mu =  (-0.9391630890784946, -0.6969703275323613)
update basis matrix
build reduced matrices
reduced order solve
build matrices for error estimation (it may take a while)
find next mu
absolute delta max =  [ 0.01344883]

############################## run =  12  ######################################
truth solve for mu =  (-0.7162909475621022, 0.9794599381810056)
update basis matrix
build reduced matrices
reduced order solve
build matrices for error estimation (it may take a while)
find next mu
absolute delta max =  [ 0.00922092]

############################## run =  13  ######################################
truth solve for mu =  (0.9696225393804561, -0.49254995094158716)
update basis matrix
build reduced matrices
reduced order solve
build matrices for error estimation (it may take a while)
find next mu
absolute delta max =  [ 0.00421042]

############################## run =  14  ######################################
truth solve for mu =  (-0.394828774458297, 0.5092418095502054)
update basis matrix
build reduced matrices
reduced order solve
build matrices for error estimation (it may take a while)
find next mu
absolute delta max =  [ 0.00403227]

############################## run =  15  ######################################
truth solve for mu =  (0.48107794012493676, 0.6309678384336441)
update basis matrix
build reduced matrices
reduced order solve
build matrices for error estimation (it may take a while)
find next mu
absolute delta max =  [ 0.00376558]

############################## run =  16  ######################################
truth solve for mu =  (0.40887130182259734, -0.8804780140151283)
update basis matrix
build reduced matrices
reduced order solve
build matrices for error estimation (it may take a while)
find next mu
absolute delta max =  [ 0.00252143]

############################## run =  17  ######################################
truth solve for mu =  (-0.5629011982795693, 0.0616212929370874)
update basis matrix
build reduced matrices
reduced order solve
build matrices for error estimation (it may take a while)
find next mu
absolute delta max =  [ 0.001847]

############################## run =  18  ######################################
truth solve for mu =  (0.04984650354924414, 0.6685342949941238)
update basis matrix
build reduced matrices
reduced order solve
build matrices for error estimation (it may take a while)
find next mu
absolute delta max =  [ 0.00113228]

############################## run =  19  ######################################
truth solve for mu =  (0.6272186254150662, -0.6663987772664146)
update basis matrix
build reduced matrices
reduced order solve
build matrices for error estimation (it may take a while)
absolute delta max =  [ 0.00101663]

==============================================================
=             Offline phase ends                             =
==============================================================

*** Warning: Environment variable DOLFIN_NOPLOT set: Plotting disabled.
==============================================================
=             EIM error analysis begins                      =
==============================================================

:::::::::::::::::::::::::::::: EIM run =  0  ::::::::::::::::::::::::::::::
:::::::::::::::::::::::::::::: EIM run =  1  ::::::::::::::::::::::::::::::
:::::::::::::::::::::::::::::: EIM run =  2  ::::::::::::::::::::::::::::::
:::::::::::::::::::::::::::::: EIM run =  3  ::::::::::::::::::::::::::::::
:::::::::::::::::::::::::::::: EIM run =  4  ::::::::::::::::::::::::::::::
:::::::::::::::::::::::::::::: EIM run =  5  ::::::::::::::::::::::::::::::
:::::::::::::::::::::::::::::: EIM run =  6  ::::::::::::::::::::::::::::::
:::::::::::::::::::::::::::::: EIM run =  7  ::::::::::::::::::::::::::::::
:::::::::::::::::::::::::::::: EIM run =  8  ::::::::::::::::::::::::::::::
:::::::::::::::::::::::::::::: EIM run =  9  ::::::::::::::::::::::::::::::
:::::::::::::::::::::::::::::: EIM run =  10  ::::::::::::::::::::::::::::::
:::::::::::::::::::::::::::::: EIM run =  11  ::::::::::::::::::::::::::::::
:::::::::::::::::::::::::::::: EIM run =  12  ::::::::::::::::::::::::::::::
:::::::::::::::::::::::::::::: EIM run =  13  ::::::::::::::::::::::::::::::
:::::::::::::::::::::::::::::: EIM run =  14  ::::::::::::::::::::::::::::::
:::::::::::::::::::::::::::::: EIM run =  15  ::::::::::::::::::::::::::::::
:::::::::::::::::::::::::::::: EIM run =  16  ::::::::::::::::::::::::::::::
:::::::::::::::::::::::::::::: EIM run =  17  ::::::::::::::::::::::::::::::
:::::::::::::::::::::::::::::: EIM run =  18  ::::::::::::::::::::::::::::::
:::::::::::::::::::::::::::::: EIM run =  19  ::::::::::::::::::::::::::::::
:::::::::::::::::::::::::::::: EIM run =  20  ::::::::::::::::::::::::::::::
:::::::::::::::::::::::::::::: EIM run =  21  ::::::::::::::::::::::::::::::
:::::::::::::::::::::::::::::: EIM run =  22  ::::::::::::::::::::::::::::::
:::::::::::::::::::::::::::::: EIM run =  23  ::::::::::::::::::::::::::::::
:::::::::::::::::::::::::::::: EIM run =  24  ::::::::::::::::::::::::::::::
:::::::::::::::::::::::::::::: EIM run =  25  ::::::::::::::::::::::::::::::
:::::::::::::::::::::::::::::: EIM run =  26  ::::::::::::::::::::::::::::::
:::::::::::::::::::::::::::::: EIM run =  27  ::::::::::::::::::::::::::::::
:::::::::::::::::::::::::::::: EIM run =  28  ::::::::::::::::::::::::::::::
:::::::::::::::::::::::::::::: EIM run =  29  ::::::::::::::::::::::::::::::
:::::::::::::::::::::::::::::: EIM run =  30  ::::::::::::::::::::::::::::::
:::::::::::::::::::::::::::::: EIM run =  31  ::::::::::::::::::::::::::::::
:::::::::::::::::::::::::::::: EIM run =  32  ::::::::::::::::::::::::::::::
:::::::::::::::::::::::::::::: EIM run =  33  ::::::::::::::::::::::::::::::
:::::::::::::::::::::::::::::: EIM run =  34  ::::::::::::::::::::::::::::::
:::::::::::::::::::::::::::::: EIM run =  35  ::::::::::::::::::::::::::::::
:::::::::::::::::::::::::::::: EIM run =  36  ::::::::::::::::::::::::::::::
:::::::::::::::::::::::::::::: EIM run =  37  ::::::::::::::::::::::::::::::
:::::::::::::::::::::::::::::: EIM run =  38  ::::::::::::::::::::::::::::::
:::::::::::::::::::::::::::::: EIM run =  39  ::::::::::::::::::::::::::::::
:::::::::::::::::::::::::::::: EIM run =  40  ::::::::::::::::::::::::::::::
:::::::::::::::::::::::::::::: EIM run =  41  ::::::::::::::::::::::::::::::
:::::::::::::::::::::::::::::: EIM run =  42  ::::::::::::::::::::::::::::::
:::::::::::::::::::::::::::::: EIM run =  43  ::::::::::::::::::::::::::::::
:::::::::::::::::::::::::::::: EIM run =  44  ::::::::::::::::::::::::::::::
:::::::::::::::::::::::::::::: EIM run =  45  ::::::::::::::::::::::::::::::
:::::::::::::::::::::::::::::: EIM run =  46  ::::::::::::::::::::::::::::::
:::::::::::::::::::::::::::::: EIM run =  47  ::::::::::::::::::::::::::::::
:::::::::::::::::::::::::::::: EIM run =  48  ::::::::::::::::::::::::::::::
:::::::::::::::::::::::::::::: EIM run =  49  ::::::::::::::::::::::::::::::

N 	 gmean(err)
1 	 0.997324894963
2 	 0.829763039519
3 	 0.749794418083
4 	 0.591667815904
5 	 0.534632283174
6 	 0.467506889611
7 	 0.308438511495
8 	 0.26412064721
9 	 0.234252163359
10 	 0.208121743269
11 	 0.170445059873
12 	 0.132418829779
13 	 0.0917857872505
14 	 0.0828068159746
15 	 0.0669838724127
16 	 0.0581387466641
17 	 0.0468809853979
18 	 0.0402408373206
19 	 0.035591313189
20 	 0.0315600335156
21 	 0.0271419265733
22 	 0.0183499802795
23 	 0.0154206283401
24 	 0.0139997311014
25 	 0.0123951486186
26 	 0.00958622095224
27 	 0.007583299917
28 	 0.00682753881738
29 	 0.0055310065358
30 	 0.00544987203121
31 	 0.00460004754217
32 	 0.00374519350391
33 	 0.00321590774934
34 	 0.00275769191872
35 	 0.00217795135103
36 	 0.0020314646438
37 	 0.00170926887743
38 	 0.00141256937822
39 	 0.00104847717674
40 	 0.00101478214998

==============================================================
=             EIM error analysis ends                        =
==============================================================

==============================================================
=             Error analysis begins                          =
==============================================================

############################## run =  0  ######################################
############################## run =  1  ######################################
############################## run =  2  ######################################
############################## run =  3  ######################################
############################## run =  4  ######################################
############################## run =  5  ######################################
############################## run =  6  ######################################
############################## run =  7  ######################################
############################## run =  8  ######################################
############################## run =  9  ######################################
############################## run =  10  ######################################
############################## run =  11  ######################################
############################## run =  12  ######################################
############################## run =  13  ######################################
############################## run =  14  ######################################
############################## run =  15  ######################################
############################## run =  16  ######################################
############################## run =  17  ######################################
############################## run =  18  ######################################
############################## run =  19  ######################################
############################## run =  20  ######################################
############################## run =  21  ######################################
############################## run =  22  ######################################
############################## run =  23  ######################################
############################## run =  24  ######################################
############################## run =  25  ######################################
############################## run =  26  ######################################
############################## run =  27  ######################################
############################## run =  28  ######################################
############################## run =  29  ######################################
############################## run =  30  ######################################
############################## run =  31  ######################################
############################## run =  32  ######################################
############################## run =  33  ######################################
############################## run =  34  ######################################
############################## run =  35  ######################################
############################## run =  36  ######################################
############################## run =  37  ######################################
############################## run =  38  ######################################
############################## run =  39  ######################################
############################## run =  40  ######################################
############################## run =  41  ######################################
############################## run =  42  ######################################
############################## run =  43  ######################################
############################## run =  44  ######################################
############################## run =  45  ######################################
############################## run =  46  ######################################
############################## run =  47  ######################################
############################## run =  48  ######################################
############################## run =  49  ######################################

N 	 gmean(err_u) 		 gmean(delta_u) 	 min(eff_u) 	 gmean(eff_u) 	 max(eff_u)
1 	 0.159316412572 	 0.159316412572 	 1.0 	 1.0 	 1.0
2 	 0.0914100035134 	 0.0914100035134 	 1.0 	 1.0 	 1.0
3 	 0.0565994855055 	 0.0565994855055 	 0.999999999999 	 1.0 	 1.0
4 	 0.0403950929845 	 0.0403950929845 	 0.999999999999 	 1.0 	 1.0
5 	 0.029731429349 	 0.029731429349 	 0.999999999999 	 1.0 	 1.00000000002
6 	 0.0238742660993 	 0.0238742660993 	 0.999999999999 	 1.0 	 1.00000000002
7 	 0.0174719303628 	 0.0174719303628 	 0.999999999999 	 1.0 	 1.00000000002
8 	 0.0135608024968 	 0.0135608024968 	 0.999999999995 	 1.0 	 1.00000000003
9 	 0.00992932205705 	 0.00992932205706 	 0.999999999995 	 1.0 	 1.00000000003
10 	 0.00669926384782 	 0.00669926384785 	 0.999999999993 	 1.0 	 1.00000000009
11 	 0.0047729313 	 0.00477293130003 	 0.999999999987 	 1.00000000001 	 1.00000000011
12 	 0.00374137912154 	 0.00374137912158 	 0.999999999963 	 1.00000000001 	 1.00000000014
13 	 0.00309723453967 	 0.00309723453972 	 0.999999999921 	 1.00000000002 	 1.00000000025
14 	 0.002593102731 	 0.00259310273105 	 0.999999999917 	 1.00000000002 	 1.00000000039
15 	 0.00198892057948 	 0.00198892057957 	 0.999999999895 	 1.00000000005 	 1.00000000072
16 	 0.00154837538976 	 0.00154837538998 	 0.999999999895 	 1.00000000014 	 1.00000000223
17 	 0.00117637560002 	 0.00117637560022 	 0.999999999861 	 1.00000000017 	 1.00000000298
18 	 0.000847409145412 	 0.000847409145719 	 0.99999999925 	 1.00000000036 	 1.00000000612
19 	 0.000631796747471 	 0.000631796748066 	 0.999999999209 	 1.00000000094 	 1.00000000995
20 	 0.000468555828448 	 0.000468555828936 	 0.999999985443 	 1.00000000104 	 1.00000001307

N 	 gmean(err_s) 		 gmean(delta_s) 	 min(eff_s) 	 gmean(eff_s) 	 max(eff_s)
1 	 0.0253817193147 	 0.0253817193147 	 1.0 	 1.0 	 1.0
2 	 0.00835578874231 	 0.00835578874231 	 1.0 	 1.0 	 1.0
3 	 0.00320350175949 	 0.00320350175949 	 0.999999999998 	 1.0 	 1.0
4 	 0.00163176353723 	 0.00163176353723 	 0.999999999998 	 1.0 	 1.0
5 	 0.000883957891133 	 0.000883957891133 	 0.999999999994 	 1.0 	 1.00000000002
6 	 0.000569980581782 	 0.000569980581782 	 0.999999999994 	 1.0 	 1.00000000002
7 	 0.000305268350602 	 0.000305268350602 	 0.999999999992 	 1.0 	 1.00000000002
8 	 0.000183895364358 	 0.000183895364358 	 0.999999999982 	 0.999999999999 	 1.00000000003
9 	 9.8591436513e-05 	 9.85914365129e-05 	 0.999999999978 	 0.999999999998 	 1.00000000003
10 	 4.48801361033e-05 	 4.48801361032e-05 	 0.999999999939 	 0.999999999997 	 1.00000000008
11 	 2.2780873195e-05 	 2.27808731948e-05 	 0.99999999988 	 0.999999999992 	 1.00000000011
12 	 1.39979177317e-05 	 1.39979177314e-05 	 0.999999999679 	 0.99999999998 	 1.00000000013
13 	 9.59286179425e-06 	 9.59286179402e-06 	 0.999999999478 	 0.999999999975 	 1.00000000023
14 	 6.72418177395e-06 	 6.72418177376e-06 	 0.999999999464 	 0.999999999972 	 1.00000000031
15 	 3.95580507193e-06 	 3.95580507183e-06 	 0.999999999412 	 0.999999999974 	 1.00000000068
16 	 2.397466348e-06 	 2.39746634829e-06 	 0.999999999266 	 1.00000000012 	 1.00000000391
17 	 1.38385955263e-06 	 1.38385955279e-06 	 0.999999998864 	 1.00000000012 	 1.00000000517
18 	 7.1810226018e-07 	 7.18102260249e-07 	 0.999999995662 	 1.0000000001 	 1.000000007
19 	 3.99167130691e-07 	 3.99167130866e-07 	 0.999999986026 	 1.00000000044 	 1.00000002954
20 	 2.19544564863e-07 	 2.1954456483e-07 	 0.99999996675 	 0.99999999985 	 1.0000000408

==============================================================
=             Error analysis ends                            =
==============================================================

